<?xml version="1.0" encoding="UTF-8"?>
<!-- Generated by org.testng.reporters.JUnitReportReporter -->
<testsuite hostname="Debu" failures="0" tests="2" name="test.LoginTest" time="38.130" errors="0" timestamp="2023-12-18T23:20:46 IST" skipped="0">
  <testcase classname="test.LoginTest" name="login" time="14.442"/>
  <testcase classname="test.LoginTest" name="login" time="23.688"/>
</testsuite> <!-- test.LoginTest -->
